0 info it worked if it ends with ok
1 verbose cli [ 'C:\\Program Files\\nodejs\\node.exe',
1 verbose cli   'C:\\Program Files\\nodejs\\node_modules\\npm\\bin\\npm-cli.js',
1 verbose cli   'install',
1 verbose cli   'grunt-cli',
1 verbose cli   '-g' ]
2 info using npm@2.14.8
3 info using node@v4.1.2
4 verbose install initial load of C:\Program Files\nodejs\package.json
5 verbose readDependencies loading dependencies from C:\Program Files\nodejs\package.json
6 silly cache add args [ 'grunt-cli', null ]
7 verbose cache add spec grunt-cli
8 silly cache add parsed spec Result {
8 silly cache add   raw: 'grunt-cli',
8 silly cache add   scope: null,
8 silly cache add   name: 'grunt-cli',
8 silly cache add   rawSpec: '',
8 silly cache add   spec: '*',
8 silly cache add   type: 'range' }
9 silly addNamed grunt-cli@*
10 verbose addNamed "*" is a valid semver range for grunt-cli
11 silly addNameRange { name: 'grunt-cli', range: '*', hasData: false }
12 silly mapToRegistry name grunt-cli
13 silly mapToRegistry using default registry
14 silly mapToRegistry registry https://registry.npmjs.org/
15 silly mapToRegistry uri https://registry.npmjs.org/grunt-cli
16 verbose addNameRange registry:https://registry.npmjs.org/grunt-cli not in flight; fetching
17 verbose request uri https://registry.npmjs.org/grunt-cli
18 verbose request no auth needed
19 info attempt registry request try #1 at 8:01:25 PM
20 verbose request id 8860de98c217f099
21 verbose etag "16RX9R8VVCSRLVQGRNORB4OYM"
22 http request GET https://registry.npmjs.org/grunt-cli
23 http 200 https://registry.npmjs.org/grunt-cli
24 verbose headers { server: 'CouchDB/1.5.0 (Erlang OTP/R16B03)',
24 verbose headers   etag: '"A952MHD0BJNDLZJERQW04Z5EO"',
24 verbose headers   'content-type': 'application/json',
24 verbose headers   'cache-control': 'max-age=300',
24 verbose headers   'content-length': '29735',
24 verbose headers   'accept-ranges': 'bytes',
24 verbose headers   date: 'Mon, 28 Mar 2016 03:01:25 GMT',
24 verbose headers   via: '1.1 varnish',
24 verbose headers   age: '78',
24 verbose headers   connection: 'keep-alive',
24 verbose headers   'x-served-by': 'cache-lax1428-LAX',
24 verbose headers   'x-cache': 'HIT',
24 verbose headers   'x-cache-hits': '2',
24 verbose headers   'x-timer': 'S1459134085.631227,VS0,VE0',
24 verbose headers   vary: 'Accept' }
25 silly get cb [ 200,
25 silly get   { server: 'CouchDB/1.5.0 (Erlang OTP/R16B03)',
25 silly get     etag: '"A952MHD0BJNDLZJERQW04Z5EO"',
25 silly get     'content-type': 'application/json',
25 silly get     'cache-control': 'max-age=300',
25 silly get     'content-length': '29735',
25 silly get     'accept-ranges': 'bytes',
25 silly get     date: 'Mon, 28 Mar 2016 03:01:25 GMT',
25 silly get     via: '1.1 varnish',
25 silly get     age: '78',
25 silly get     connection: 'keep-alive',
25 silly get     'x-served-by': 'cache-lax1428-LAX',
25 silly get     'x-cache': 'HIT',
25 silly get     'x-cache-hits': '2',
25 silly get     'x-timer': 'S1459134085.631227,VS0,VE0',
25 silly get     vary: 'Accept' } ]
26 verbose get saving grunt-cli to C:\Users\Zain\AppData\Roaming\npm-cache\registry.npmjs.org\grunt-cli\.cache.json
27 silly addNameRange number 2 { name: 'grunt-cli', range: '*', hasData: true }
28 silly addNameRange versions [ 'grunt-cli',
28 silly addNameRange   [ '0.1.0',
28 silly addNameRange     '0.1.1',
28 silly addNameRange     '0.1.2',
28 silly addNameRange     '0.1.3',
28 silly addNameRange     '0.1.4',
28 silly addNameRange     '0.1.5',
28 silly addNameRange     '0.1.6',
28 silly addNameRange     '0.1.7',
28 silly addNameRange     '0.1.8',
28 silly addNameRange     '0.1.9',
28 silly addNameRange     '0.1.10',
28 silly addNameRange     '0.1.11',
28 silly addNameRange     '0.1.12',
28 silly addNameRange     '0.1.13',
28 silly addNameRange     '1.0.0-rc1',
28 silly addNameRange     '1.0.0',
28 silly addNameRange     '1.0.1',
28 silly addNameRange     '1.1.0' ] ]
29 silly addNamed grunt-cli@1.1.0
30 verbose addNamed "1.1.0" is a plain semver version for grunt-cli
31 silly mapToRegistry name grunt-cli
32 silly mapToRegistry using default registry
33 silly mapToRegistry registry https://registry.npmjs.org/
34 silly mapToRegistry uri https://registry.npmjs.org/grunt-cli
35 verbose addRemoteTarball https://registry.npmjs.org/grunt-cli/-/grunt-cli-1.1.0.tgz not in flight; adding
36 verbose addRemoteTarball [ 'https://registry.npmjs.org/grunt-cli/-/grunt-cli-1.1.0.tgz',
36 verbose addRemoteTarball   'afd7969934ddf33620e8447edc1fa94e51e55a34' ]
37 info retry fetch attempt 1 at 8:01:25 PM
38 info attempt registry request try #1 at 8:01:25 PM
39 http fetch GET https://registry.npmjs.org/grunt-cli/-/grunt-cli-1.1.0.tgz
40 http fetch 200 https://registry.npmjs.org/grunt-cli/-/grunt-cli-1.1.0.tgz
41 silly fetchAndShaCheck shasum afd7969934ddf33620e8447edc1fa94e51e55a34
42 verbose addTmpTarball C:\Users\Zain\AppData\Local\Temp\npm-3560-ff40bf3e\registry.npmjs.org\grunt-cli\-\grunt-cli-1.1.0.tgz not in flight; adding
43 verbose addTmpTarball already have metadata; skipping unpack for grunt-cli@1.1.0
44 silly cache afterAdd grunt-cli@1.1.0
45 verbose afterAdd C:\Users\Zain\AppData\Roaming\npm-cache\grunt-cli\1.1.0\package\package.json not in flight; writing
46 verbose afterAdd C:\Users\Zain\AppData\Roaming\npm-cache\grunt-cli\1.1.0\package\package.json written
47 silly install resolved [ { name: 'grunt-cli',
47 silly install resolved     description: 'The grunt command line interface',
47 silly install resolved     version: '1.1.0',
47 silly install resolved     author:
47 silly install resolved      { name: 'Grunt Development Team',
47 silly install resolved        url: 'http://gruntjs.com/development-team' },
47 silly install resolved     repository:
47 silly install resolved      { type: 'git',
47 silly install resolved        url: 'git+https://github.com/gruntjs/grunt-cli.git' },
47 silly install resolved     license: 'MIT',
47 silly install resolved     engines: { node: '>=0.10.0' },
47 silly install resolved     scripts: { test: 'node bin/grunt test' },
47 silly install resolved     bin: { grunt: 'bin/grunt' },
47 silly install resolved     dependencies: { 'findup-sync': '~0.3.0', nopt: '~3.0.6', resolve: '~1.1.0' },
47 silly install resolved     devDependencies: { grunt: '~0.4.5', 'grunt-contrib-jshint': '~1.0.0' },
47 silly install resolved     files: [ 'bin', 'completion', 'lib' ],
47 silly install resolved     appveyor_id: 'prp6g944b05jsq6d',
47 silly install resolved     contributors: [ [Object], [Object], [Object], [Object] ],
47 silly install resolved     gitHead: '76342ccba5d426ebaa6b0a8d6796c1cb7a0406f1',
47 silly install resolved     bugs: { url: 'https://github.com/gruntjs/grunt-cli/issues' },
47 silly install resolved     homepage: 'https://github.com/gruntjs/grunt-cli#readme',
47 silly install resolved     _id: 'grunt-cli@1.1.0',
47 silly install resolved     _shasum: 'afd7969934ddf33620e8447edc1fa94e51e55a34',
47 silly install resolved     _from: 'grunt-cli@*',
47 silly install resolved     _npmVersion: '2.14.17',
47 silly install resolved     _nodeVersion: '4.2.3',
47 silly install resolved     _npmUser: { name: 'vladikoff', email: 'vlad@vladikoff.com' },
47 silly install resolved     maintainers: [ [Object], [Object], [Object], [Object] ],
47 silly install resolved     dist:
47 silly install resolved      { shasum: 'afd7969934ddf33620e8447edc1fa94e51e55a34',
47 silly install resolved        tarball: 'http://registry.npmjs.org/grunt-cli/-/grunt-cli-1.1.0.tgz' },
47 silly install resolved     _npmOperationalInternal:
47 silly install resolved      { host: 'packages-13-west.internal.npmjs.com',
47 silly install resolved        tmp: 'tmp/grunt-cli-1.1.0.tgz_1458702513118_0.44024289515800774' },
47 silly install resolved     directories: {},
47 silly install resolved     _resolved: 'https://registry.npmjs.org/grunt-cli/-/grunt-cli-1.1.0.tgz' } ]
48 info install grunt-cli@1.1.0 into C:\Program Files\nodejs
49 info installOne grunt-cli@1.1.0
50 verbose installOne of grunt-cli to C:\Program Files\nodejs not in flight; installing
51 verbose lock using C:\Users\Zain\AppData\Roaming\npm-cache\_locks\grunt-cli-07462ef5700713b8.lock for C:\Program Files\nodejs\node_modules\grunt-cli
52 silly install write writing grunt-cli 1.1.0 to C:\Program Files\nodejs\node_modules\grunt-cli
53 verbose unbuild node_modules\grunt-cli
54 silly gentlyRm C:\Program Files\nodejs\node_modules\grunt-cli is being purged from base C:\Program Files\nodejs
55 verbose gentlyRm don't care about contents; nuking C:\Program Files\nodejs\node_modules\grunt-cli
56 verbose tar unpack C:\Users\Zain\AppData\Roaming\npm-cache\grunt-cli\1.1.0\package.tgz
57 verbose tar unpacking to C:\Program Files\nodejs\node_modules\grunt-cli
58 silly gentlyRm C:\Program Files\nodejs\node_modules\grunt-cli is being purged
59 verbose gentlyRm don't care about contents; nuking C:\Program Files\nodejs\node_modules\grunt-cli
60 silly gunzTarPerm modes [ '777', '666' ]
61 error tar.unpack untar error C:\Users\Zain\AppData\Roaming\npm-cache\grunt-cli\1.1.0\package.tgz
62 verbose unlock done using C:\Users\Zain\AppData\Roaming\npm-cache\_locks\grunt-cli-07462ef5700713b8.lock for C:\Program Files\nodejs\node_modules\grunt-cli
63 verbose fstream_path C:\Program Files\nodejs\node_modules\grunt-cli
64 verbose fstream_type Directory
65 verbose fstream_class DirWriter
66 verbose stack Error: EPERM: operation not permitted, mkdir 'C:\Program Files\nodejs\node_modules\grunt-cli'
66 verbose stack     at Error (native)
67 verbose fstream_stack C:\Program Files\nodejs\node_modules\npm\node_modules\fstream\lib\dir-writer.js:35:25
67 verbose fstream_stack C:\Program Files\nodejs\node_modules\npm\node_modules\mkdirp\index.js:47:53
67 verbose fstream_stack FSReqWrap.oncomplete (fs.js:82:15)
68 verbose cwd C:\Users\Zain\OneDrive\Programs\GitHub\ZainRizvi.github.io
69 error Windows_NT 10.0.10586
70 error argv "C:\\Program Files\\nodejs\\node.exe" "C:\\Program Files\\nodejs\\node_modules\\npm\\bin\\npm-cli.js" "install" "grunt-cli" "-g"
71 error node v4.1.2
72 error npm  v2.14.8
73 error path C:\Program Files\nodejs\node_modules\grunt-cli
74 error code EPERM
75 error errno -4048
76 error syscall mkdir
77 error Error: EPERM: operation not permitted, mkdir 'C:\Program Files\nodejs\node_modules\grunt-cli'
77 error     at Error (native)
77 error  { [Error: EPERM: operation not permitted, mkdir 'C:\Program Files\nodejs\node_modules\grunt-cli']
77 error   errno: -4048,
77 error   code: 'EPERM',
77 error   syscall: 'mkdir',
77 error   path: 'C:\\Program Files\\nodejs\\node_modules\\grunt-cli',
77 error   fstream_type: 'Directory',
77 error   fstream_path: 'C:\\Program Files\\nodejs\\node_modules\\grunt-cli',
77 error   fstream_class: 'DirWriter',
77 error   fstream_stack:
77 error    [ 'C:\\Program Files\\nodejs\\node_modules\\npm\\node_modules\\fstream\\lib\\dir-writer.js:35:25',
77 error      'C:\\Program Files\\nodejs\\node_modules\\npm\\node_modules\\mkdirp\\index.js:47:53',
77 error      'FSReqWrap.oncomplete (fs.js:82:15)' ] }
78 error Please try running this command again as root/Administrator.
79 verbose exit [ -4048, true ]
80 verbose unbuild node_modules\grunt-cli
81 silly gentlyRm C:\Program Files\nodejs\node_modules\grunt-cli is being purged from base C:\Program Files\nodejs
82 verbose gentlyRm don't care about contents; nuking C:\Program Files\nodejs\node_modules\grunt-cli
